2024-07-30 09:59:39.383 INFO  c.z.w.config.WikiSpringboot2Application           :55   [32m                  [0;39m Starting WikiSpringboot2Application using Java 1.8.0_422 on M15_R7 with PID 42196 (C:\Users\zc903\IdeaProjects\wiki_springboot2\target\classes started by zc9038 in C:\Users\zc903\IdeaProjects\wiki_springboot2)
2024-07-30 09:59:39.385 INFO  c.z.w.config.WikiSpringboot2Application           :645  [32m                  [0;39m No active profile set, falling back to 1 default profile: "default"
2024-07-30 09:59:39.426 INFO  o.s.b.d.env.DevToolsPropertyDefaultsPostProcessor :255  [32m                  [0;39m Devtools property defaults active! Set 'spring.devtools.add-properties' to 'false' to disable
2024-07-30 09:59:39.426 INFO  o.s.b.d.env.DevToolsPropertyDefaultsPostProcessor :255  [32m                  [0;39m For additional web related logging consider setting the 'logging.level.web' property to 'DEBUG'
2024-07-30 09:59:40.636 INFO  o.s.boot.web.embedded.tomcat.TomcatWebServer      :108  [32m                  [0;39m Tomcat initialized with port(s): 8880 (http)
2024-07-30 09:59:40.646 INFO  org.apache.coyote.http11.Http11NioProtocol        :173  [32m                  [0;39m Initializing ProtocolHandler ["http-nio-8880"]
2024-07-30 09:59:40.646 INFO  org.apache.catalina.core.StandardService          :173  [32m                  [0;39m Starting service [Tomcat]
2024-07-30 09:59:40.646 INFO  org.apache.catalina.core.StandardEngine           :173  [32m                  [0;39m Starting Servlet engine: [Apache Tomcat/9.0.68]
2024-07-30 09:59:40.705 INFO  o.a.c.core.ContainerBase.[Tomcat].[localhost].[/] :173  [32m                  [0;39m Initializing Spring embedded WebApplicationContext
2024-07-30 09:59:40.705 INFO  o.s.b.w.s.c.ServletWebServerApplicationContext    :290  [32m                  [0;39m Root WebApplicationContext: initialization completed in 1278 ms
2024-07-30 09:59:41.295 INFO  o.s.b.d.autoconfigure.OptionalLiveReloadServer    :59   [32m                  [0;39m LiveReload server is running on port 35729
2024-07-30 09:59:41.305 INFO  org.apache.coyote.http11.Http11NioProtocol        :173  [32m                  [0;39m Starting ProtocolHandler ["http-nio-8880"]
2024-07-30 09:59:41.346 INFO  o.s.boot.web.embedded.tomcat.TomcatWebServer      :220  [32m                  [0;39m Tomcat started on port(s): 8880 (http) with context path ''
2024-07-30 09:59:41.356 INFO  c.z.w.config.WikiSpringboot2Application           :61   [32m                  [0;39m Started WikiSpringboot2Application in 2.386 seconds (JVM running for 3.288)
2024-07-30 09:59:41.357 INFO  c.z.w.config.WikiSpringboot2Application           :21   [32m                  [0;39m 启动成功
2024-07-30 09:59:41.358 INFO  c.z.w.config.WikiSpringboot2Application           :22   [32m                  [0;39m 地址: 	http://127.0.0.1:8880
2024-07-30 09:59:47.817 INFO  o.a.c.core.ContainerBase.[Tomcat].[localhost].[/] :173  [32m                  [0;39m Initializing Spring DispatcherServlet 'dispatcherServlet'
2024-07-30 09:59:47.817 INFO  org.springframework.web.servlet.DispatcherServlet :525  [32m                  [0;39m Initializing Servlet 'dispatcherServlet'
2024-07-30 09:59:47.818 INFO  org.springframework.web.servlet.DispatcherServlet :547  [32m                  [0;39m Completed initialization in 1 ms
2024-07-30 09:59:47.822 INFO  com.zc.wiki_springboot2.filter.LogFilter          :29   [32m                  [0;39m --------------------过滤器开始--------------------
2024-07-30 09:59:47.822 INFO  com.zc.wiki_springboot2.filter.LogFilter          :30   [32m                  [0;39m Request - URL: http://localhost:8880/ebook/listByReq, Method: GET, Remote Address: 127.0.0.1
2024-07-30 09:59:47.831 INFO  com.zc.wiki_springboot2.interceptor.LogInterceptor:23   [32m                  [0;39m ------------- LogInterceptor 开始 -------------
2024-07-30 09:59:47.831 INFO  com.zc.wiki_springboot2.interceptor.LogInterceptor:24   [32m                  [0;39m 请求地址: http://localhost:8880/ebook/listByReq GET
2024-07-30 09:59:47.831 INFO  com.zc.wiki_springboot2.interceptor.LogInterceptor:25   [32m                  [0;39m 远程地址: 127.0.0.1
2024-07-30 09:59:47.877 INFO  com.zaxxer.hikari.HikariDataSource                :110  [32m                  [0;39m HikariPool-1 - Starting...
2024-07-30 09:59:48.218 INFO  com.zaxxer.hikari.HikariDataSource                :123  [32m                  [0;39m HikariPool-1 - Start completed.
2024-07-30 09:59:48.307 INFO  com.zc.wiki_springboot2.interceptor.LogInterceptor:35   [32m                  [0;39m ------------- LogInterceptor 结束 耗时：476 ms -------------
2024-07-30 09:59:48.309 INFO  com.zc.wiki_springboot2.filter.LogFilter          :38   [32m                  [0;39m Response - Status: 200
2024-07-30 09:59:48.309 INFO  com.zc.wiki_springboot2.filter.LogFilter          :39   [32m                  [0;39m ---------------过滤器结束-耗时: 486 ms---------------
2024-07-30 10:38:02.186 INFO  o.s.b.d.a.LocalDevToolsAutoConfiguration$RestartingClassPathChangeChangedEventListener:210  [32m                  [0;39m Restarting due to 29 class path changes (0 additions, 29 deletions, 0 modifications)
2024-07-30 10:38:02.493 INFO  org.apache.coyote.http11.Http11NioProtocol        :173  [32m                  [0;39m Pausing ProtocolHandler ["http-nio-8880"]
2024-07-30 10:38:02.493 INFO  org.apache.catalina.core.StandardService          :173  [32m                  [0;39m Stopping service [Tomcat]
2024-07-30 10:38:02.494 INFO  o.a.c.core.ContainerBase.[Tomcat].[localhost].[/] :173  [32m                  [0;39m Destroying Spring FrameworkServlet 'dispatcherServlet'
2024-07-30 10:38:02.497 WARN  org.apache.catalina.loader.WebappClassLoaderBase  :173  [32m                  [0;39m The web application [ROOT] appears to have started a thread named [HikariPool-1 housekeeper] but has failed to stop it. This is very likely to create a memory leak. Stack trace of thread:
 sun.misc.Unsafe.park(Native Method)
 java.util.concurrent.locks.LockSupport.parkNanos(LockSupport.java:215)
 java.util.concurrent.locks.AbstractQueuedSynchronizer$ConditionObject.awaitNanos(AbstractQueuedSynchronizer.java:2078)
 java.util.concurrent.ScheduledThreadPoolExecutor$DelayedWorkQueue.take(ScheduledThreadPoolExecutor.java:1093)
 java.util.concurrent.ScheduledThreadPoolExecutor$DelayedWorkQueue.take(ScheduledThreadPoolExecutor.java:809)
 java.util.concurrent.ThreadPoolExecutor.getTask(ThreadPoolExecutor.java:1074)
 java.util.concurrent.ThreadPoolExecutor.runWorker(ThreadPoolExecutor.java:1134)
 java.util.concurrent.ThreadPoolExecutor$Worker.run(ThreadPoolExecutor.java:624)
 java.lang.Thread.run(Thread.java:750)
2024-07-30 10:38:02.498 INFO  org.apache.coyote.http11.Http11NioProtocol        :173  [32m                  [0;39m Stopping ProtocolHandler ["http-nio-8880"]
2024-07-30 10:38:02.499 INFO  org.apache.coyote.http11.Http11NioProtocol        :173  [32m                  [0;39m Destroying ProtocolHandler ["http-nio-8880"]
2024-07-30 10:38:02.502 INFO  com.zaxxer.hikari.HikariDataSource                :350  [32m                  [0;39m HikariPool-1 - Shutdown initiated...
2024-07-30 10:38:02.512 INFO  com.zaxxer.hikari.HikariDataSource                :352  [32m                  [0;39m HikariPool-1 - Shutdown completed.
2024-07-30 10:38:02.640 INFO  c.z.w.config.WikiSpringboot2Application           :55   [32m                  [0;39m Starting WikiSpringboot2Application using Java 1.8.0_422 on M15_R7 with PID 42196 (C:\Users\zc903\IdeaProjects\wiki_springboot2\target\classes started by zc9038 in C:\Users\zc903\IdeaProjects\wiki_springboot2)
2024-07-30 10:38:02.641 INFO  c.z.w.config.WikiSpringboot2Application           :645  [32m                  [0;39m No active profile set, falling back to 1 default profile: "default"
2024-07-30 10:38:02.785 WARN  org.mybatis.spring.mapper.ClassPathMapperScanner  :44   [32m                  [0;39m No MyBatis mapper was found in '[com.zc.wiki_springboot2.mapper]' package. Please check your configuration.
2024-07-30 10:38:02.831 INFO  o.s.boot.web.embedded.tomcat.TomcatWebServer      :108  [32m                  [0;39m Tomcat initialized with port(s): 8880 (http)
2024-07-30 10:38:02.832 INFO  org.apache.coyote.http11.Http11NioProtocol        :173  [32m                  [0;39m Initializing ProtocolHandler ["http-nio-8880"]
2024-07-30 10:38:02.832 INFO  org.apache.catalina.core.StandardService          :173  [32m                  [0;39m Starting service [Tomcat]
2024-07-30 10:38:02.832 INFO  org.apache.catalina.core.StandardEngine           :173  [32m                  [0;39m Starting Servlet engine: [Apache Tomcat/9.0.68]
2024-07-30 10:38:02.845 INFO  o.a.c.core.ContainerBase.[Tomcat].[localhost].[/] :173  [32m                  [0;39m Initializing Spring embedded WebApplicationContext
2024-07-30 10:38:02.845 INFO  o.s.b.w.s.c.ServletWebServerApplicationContext    :290  [32m                  [0;39m Root WebApplicationContext: initialization completed in 202 ms
2024-07-30 10:38:02.956 WARN  o.s.b.w.s.c.AnnotationConfigServletWebServerApplicationContext:591  [32m                  [0;39m Exception encountered during context initialization - cancelling refresh attempt: org.springframework.beans.factory.BeanCreationException: Error creating bean with name 'sqlSessionFactory' defined in class path resource [org/mybatis/spring/boot/autoconfigure/MybatisAutoConfiguration.class]: Bean instantiation via factory method failed; nested exception is org.springframework.beans.BeanInstantiationException: Failed to instantiate [org.apache.ibatis.session.SqlSessionFactory]: Factory method 'sqlSessionFactory' threw exception; nested exception is org.springframework.core.NestedIOException: Failed to parse mapping resource: 'file [C:\Users\zc903\IdeaProjects\wiki_springboot2\target\classes\mapper\EbookMapper.xml]'; nested exception is org.apache.ibatis.builder.BuilderException: Error parsing Mapper XML. The XML location is 'file [C:\Users\zc903\IdeaProjects\wiki_springboot2\target\classes\mapper\EbookMapper.xml]'. Cause: org.apache.ibatis.builder.BuilderException: Error resolving class. Cause: org.apache.ibatis.type.TypeException: Could not resolve type alias 'com.zc.wiki_springboot2.domain.EbookExample'.  Cause: java.lang.ClassNotFoundException: Cannot find class: com.zc.wiki_springboot2.domain.EbookExample
2024-07-30 10:38:02.957 INFO  org.apache.catalina.core.StandardService          :173  [32m                  [0;39m Stopping service [Tomcat]
2024-07-30 10:38:02.963 INFO  o.s.b.a.l.ConditionEvaluationReportLoggingListener:136  [32m                  [0;39m 

Error starting ApplicationContext. To display the conditions report re-run your application with 'debug' enabled.
2024-07-30 10:38:02.995 ERROR org.springframework.boot.SpringApplication        :835  [32m                  [0;39m Application run failed
org.springframework.beans.factory.BeanCreationException: Error creating bean with name 'sqlSessionFactory' defined in class path resource [org/mybatis/spring/boot/autoconfigure/MybatisAutoConfiguration.class]: Bean instantiation via factory method failed; nested exception is org.springframework.beans.BeanInstantiationException: Failed to instantiate [org.apache.ibatis.session.SqlSessionFactory]: Factory method 'sqlSessionFactory' threw exception; nested exception is org.springframework.core.NestedIOException: Failed to parse mapping resource: 'file [C:\Users\zc903\IdeaProjects\wiki_springboot2\target\classes\mapper\EbookMapper.xml]'; nested exception is org.apache.ibatis.builder.BuilderException: Error parsing Mapper XML. The XML location is 'file [C:\Users\zc903\IdeaProjects\wiki_springboot2\target\classes\mapper\EbookMapper.xml]'. Cause: org.apache.ibatis.builder.BuilderException: Error resolving class. Cause: org.apache.ibatis.type.TypeException: Could not resolve type alias 'com.zc.wiki_springboot2.domain.EbookExample'.  Cause: java.lang.ClassNotFoundException: Cannot find class: com.zc.wiki_springboot2.domain.EbookExample
	at org.springframework.beans.factory.support.ConstructorResolver.instantiate(ConstructorResolver.java:658)
	at org.springframework.beans.factory.support.ConstructorResolver.instantiateUsingFactoryMethod(ConstructorResolver.java:638)
	at org.springframework.beans.factory.support.AbstractAutowireCapableBeanFactory.instantiateUsingFactoryMethod(AbstractAutowireCapableBeanFactory.java:1352)
	at org.springframework.beans.factory.support.AbstractAutowireCapableBeanFactory.createBeanInstance(AbstractAutowireCapableBeanFactory.java:1195)
	at org.springframework.beans.factory.support.AbstractAutowireCapableBeanFactory.doCreateBean(AbstractAutowireCapableBeanFactory.java:582)
	at org.springframework.beans.factory.support.AbstractAutowireCapableBeanFactory.createBean(AbstractAutowireCapableBeanFactory.java:542)
	at org.springframework.beans.factory.support.AbstractBeanFactory.lambda$doGetBean$0(AbstractBeanFactory.java:335)
	at org.springframework.beans.factory.support.DefaultSingletonBeanRegistry.getSingleton(DefaultSingletonBeanRegistry.java:234)
	at org.springframework.beans.factory.support.AbstractBeanFactory.doGetBean(AbstractBeanFactory.java:333)
	at org.springframework.beans.factory.support.AbstractBeanFactory.getBean(AbstractBeanFactory.java:208)
	at org.springframework.beans.factory.support.DefaultListableBeanFactory.preInstantiateSingletons(DefaultListableBeanFactory.java:955)
	at org.springframework.context.support.AbstractApplicationContext.finishBeanFactoryInitialization(AbstractApplicationContext.java:918)
	at org.springframework.context.support.AbstractApplicationContext.refresh(AbstractApplicationContext.java:583)
	at org.springframework.boot.web.servlet.context.ServletWebServerApplicationContext.refresh(ServletWebServerApplicationContext.java:145)
	at org.springframework.boot.SpringApplication.refresh(SpringApplication.java:745)
	at org.springframework.boot.SpringApplication.refreshContext(SpringApplication.java:420)
	at org.springframework.boot.SpringApplication.run(SpringApplication.java:307)
	at com.zc.wiki_springboot2.config.WikiSpringboot2Application.main(WikiSpringboot2Application.java:20)
	at sun.reflect.NativeMethodAccessorImpl.invoke0(Native Method)
	at sun.reflect.NativeMethodAccessorImpl.invoke(NativeMethodAccessorImpl.java:62)
	at sun.reflect.DelegatingMethodAccessorImpl.invoke(DelegatingMethodAccessorImpl.java:43)
	at java.lang.reflect.Method.invoke(Method.java:498)
	at org.springframework.boot.devtools.restart.RestartLauncher.run(RestartLauncher.java:49)
Caused by: org.springframework.beans.BeanInstantiationException: Failed to instantiate [org.apache.ibatis.session.SqlSessionFactory]: Factory method 'sqlSessionFactory' threw exception; nested exception is org.springframework.core.NestedIOException: Failed to parse mapping resource: 'file [C:\Users\zc903\IdeaProjects\wiki_springboot2\target\classes\mapper\EbookMapper.xml]'; nested exception is org.apache.ibatis.builder.BuilderException: Error parsing Mapper XML. The XML location is 'file [C:\Users\zc903\IdeaProjects\wiki_springboot2\target\classes\mapper\EbookMapper.xml]'. Cause: org.apache.ibatis.builder.BuilderException: Error resolving class. Cause: org.apache.ibatis.type.TypeException: Could not resolve type alias 'com.zc.wiki_springboot2.domain.EbookExample'.  Cause: java.lang.ClassNotFoundException: Cannot find class: com.zc.wiki_springboot2.domain.EbookExample
	at org.springframework.beans.factory.support.SimpleInstantiationStrategy.instantiate(SimpleInstantiationStrategy.java:185)
	at org.springframework.beans.factory.support.ConstructorResolver.instantiate(ConstructorResolver.java:653)
	... 22 common frames omitted
Caused by: org.springframework.core.NestedIOException: Failed to parse mapping resource: 'file [C:\Users\zc903\IdeaProjects\wiki_springboot2\target\classes\mapper\EbookMapper.xml]'; nested exception is org.apache.ibatis.builder.BuilderException: Error parsing Mapper XML. The XML location is 'file [C:\Users\zc903\IdeaProjects\wiki_springboot2\target\classes\mapper\EbookMapper.xml]'. Cause: org.apache.ibatis.builder.BuilderException: Error resolving class. Cause: org.apache.ibatis.type.TypeException: Could not resolve type alias 'com.zc.wiki_springboot2.domain.EbookExample'.  Cause: java.lang.ClassNotFoundException: Cannot find class: com.zc.wiki_springboot2.domain.EbookExample
	at org.mybatis.spring.SqlSessionFactoryBean.buildSqlSessionFactory(SqlSessionFactoryBean.java:613)
	at org.mybatis.spring.SqlSessionFactoryBean.afterPropertiesSet(SqlSessionFactoryBean.java:491)
	at org.mybatis.spring.SqlSessionFactoryBean.getObject(SqlSessionFactoryBean.java:633)
	at org.mybatis.spring.boot.autoconfigure.MybatisAutoConfiguration.sqlSessionFactory(MybatisAutoConfiguration.java:188)
	at org.mybatis.spring.boot.autoconfigure.MybatisAutoConfiguration$$EnhancerBySpringCGLIB$$ef57db8.CGLIB$sqlSessionFactory$1(<generated>)
	at org.mybatis.spring.boot.autoconfigure.MybatisAutoConfiguration$$EnhancerBySpringCGLIB$$ef57db8$$FastClassBySpringCGLIB$$5cc75da9.invoke(<generated>)
	at org.springframework.cglib.proxy.MethodProxy.invokeSuper(MethodProxy.java:244)
	at org.springframework.context.annotation.ConfigurationClassEnhancer$BeanMethodInterceptor.intercept(ConfigurationClassEnhancer.java:331)
	at org.mybatis.spring.boot.autoconfigure.MybatisAutoConfiguration$$EnhancerBySpringCGLIB$$ef57db8.sqlSessionFactory(<generated>)
	at sun.reflect.NativeMethodAccessorImpl.invoke0(Native Method)
	at sun.reflect.NativeMethodAccessorImpl.invoke(NativeMethodAccessorImpl.java:62)
	at sun.reflect.DelegatingMethodAccessorImpl.invoke(DelegatingMethodAccessorImpl.java:43)
	at java.lang.reflect.Method.invoke(Method.java:498)
	at org.springframework.beans.factory.support.SimpleInstantiationStrategy.instantiate(SimpleInstantiationStrategy.java:154)
	... 23 common frames omitted
Caused by: org.apache.ibatis.builder.BuilderException: Error parsing Mapper XML. The XML location is 'file [C:\Users\zc903\IdeaProjects\wiki_springboot2\target\classes\mapper\EbookMapper.xml]'. Cause: org.apache.ibatis.builder.BuilderException: Error resolving class. Cause: org.apache.ibatis.type.TypeException: Could not resolve type alias 'com.zc.wiki_springboot2.domain.EbookExample'.  Cause: java.lang.ClassNotFoundException: Cannot find class: com.zc.wiki_springboot2.domain.EbookExample
	at org.apache.ibatis.builder.xml.XMLMapperBuilder.configurationElement(XMLMapperBuilder.java:123)
	at org.apache.ibatis.builder.xml.XMLMapperBuilder.parse(XMLMapperBuilder.java:95)
	at org.mybatis.spring.SqlSessionFactoryBean.buildSqlSessionFactory(SqlSessionFactoryBean.java:611)
	... 36 common frames omitted
Caused by: org.apache.ibatis.builder.BuilderException: Error resolving class. Cause: org.apache.ibatis.type.TypeException: Could not resolve type alias 'com.zc.wiki_springboot2.domain.EbookExample'.  Cause: java.lang.ClassNotFoundException: Cannot find class: com.zc.wiki_springboot2.domain.EbookExample
	at org.apache.ibatis.builder.BaseBuilder.resolveClass(BaseBuilder.java:118)
	at org.apache.ibatis.builder.xml.XMLStatementBuilder.parseStatementNode(XMLStatementBuilder.java:76)
	at org.apache.ibatis.builder.xml.XMLMapperBuilder.buildStatementFromContext(XMLMapperBuilder.java:138)
	at org.apache.ibatis.builder.xml.XMLMapperBuilder.buildStatementFromContext(XMLMapperBuilder.java:131)
	at org.apache.ibatis.builder.xml.XMLMapperBuilder.configurationElement(XMLMapperBuilder.java:121)
	... 38 common frames omitted
Caused by: org.apache.ibatis.type.TypeException: Could not resolve type alias 'com.zc.wiki_springboot2.domain.EbookExample'.  Cause: java.lang.ClassNotFoundException: Cannot find class: com.zc.wiki_springboot2.domain.EbookExample
	at org.apache.ibatis.type.TypeAliasRegistry.resolveAlias(TypeAliasRegistry.java:120)
	at org.apache.ibatis.builder.BaseBuilder.resolveAlias(BaseBuilder.java:149)
	at org.apache.ibatis.builder.BaseBuilder.resolveClass(BaseBuilder.java:116)
	... 42 common frames omitted
Caused by: java.lang.ClassNotFoundException: Cannot find class: com.zc.wiki_springboot2.domain.EbookExample
	at org.apache.ibatis.io.ClassLoaderWrapper.classForName(ClassLoaderWrapper.java:196)
	at org.apache.ibatis.io.ClassLoaderWrapper.classForName(ClassLoaderWrapper.java:89)
	at org.apache.ibatis.io.Resources.classForName(Resources.java:261)
	at org.apache.ibatis.type.TypeAliasRegistry.resolveAlias(TypeAliasRegistry.java:116)
	... 44 common frames omitted
2024-07-30 10:38:04.496 INFO  c.z.w.config.WikiSpringboot2Application           :55   [32m                  [0;39m Starting WikiSpringboot2Application using Java 1.8.0_422 on M15_R7 with PID 42196 (C:\Users\zc903\IdeaProjects\wiki_springboot2\target\classes started by zc9038 in C:\Users\zc903\IdeaProjects\wiki_springboot2)
2024-07-30 10:38:04.497 INFO  c.z.w.config.WikiSpringboot2Application           :645  [32m                  [0;39m No active profile set, falling back to 1 default profile: "default"
2024-07-30 10:38:04.784 INFO  o.s.boot.web.embedded.tomcat.TomcatWebServer      :108  [32m                  [0;39m Tomcat initialized with port(s): 8880 (http)
2024-07-30 10:38:04.784 INFO  org.apache.coyote.http11.Http11NioProtocol        :173  [32m                  [0;39m Initializing ProtocolHandler ["http-nio-8880"]
2024-07-30 10:38:04.784 INFO  org.apache.catalina.core.StandardService          :173  [32m                  [0;39m Starting service [Tomcat]
2024-07-30 10:38:04.784 INFO  org.apache.catalina.core.StandardEngine           :173  [32m                  [0;39m Starting Servlet engine: [Apache Tomcat/9.0.68]
2024-07-30 10:38:04.797 INFO  o.a.c.c.ContainerBase.[Tomcat-1].[localhost].[/]  :173  [32m                  [0;39m Initializing Spring embedded WebApplicationContext
2024-07-30 10:38:04.798 INFO  o.s.b.w.s.c.ServletWebServerApplicationContext    :290  [32m                  [0;39m Root WebApplicationContext: initialization completed in 299 ms
2024-07-30 10:38:04.885 INFO  o.s.b.d.autoconfigure.OptionalLiveReloadServer    :59   [32m                  [0;39m LiveReload server is running on port 35729
2024-07-30 10:38:04.890 INFO  org.apache.coyote.http11.Http11NioProtocol        :173  [32m                  [0;39m Starting ProtocolHandler ["http-nio-8880"]
2024-07-30 10:38:04.921 INFO  o.s.boot.web.embedded.tomcat.TomcatWebServer      :220  [32m                  [0;39m Tomcat started on port(s): 8880 (http) with context path ''
2024-07-30 10:38:04.924 INFO  c.z.w.config.WikiSpringboot2Application           :61   [32m                  [0;39m Started WikiSpringboot2Application in 0.452 seconds (JVM running for 2306.856)
2024-07-30 10:38:04.925 INFO  o.s.b.d.a.ConditionEvaluationDeltaLoggingListener :63   [32m                  [0;39m Condition evaluation unchanged
2024-07-30 10:38:04.926 INFO  c.z.w.config.WikiSpringboot2Application           :21   [32m                  [0;39m 启动成功
2024-07-30 10:38:04.926 INFO  c.z.w.config.WikiSpringboot2Application           :22   [32m                  [0;39m 地址: 	http://127.0.0.1:8880
2024-07-30 10:49:06.140 INFO  o.s.b.d.a.LocalDevToolsAutoConfiguration$RestartingClassPathChangeChangedEventListener:210  [32m                  [0;39m Restarting due to 29 class path changes (0 additions, 29 deletions, 0 modifications)
2024-07-30 10:49:06.465 INFO  org.apache.coyote.http11.Http11NioProtocol        :173  [32m                  [0;39m Pausing ProtocolHandler ["http-nio-8880"]
2024-07-30 10:49:06.466 INFO  org.apache.catalina.core.StandardService          :173  [32m                  [0;39m Stopping service [Tomcat]
2024-07-30 10:49:06.470 INFO  org.apache.coyote.http11.Http11NioProtocol        :173  [32m                  [0;39m Stopping ProtocolHandler ["http-nio-8880"]
2024-07-30 10:49:06.472 INFO  org.apache.coyote.http11.Http11NioProtocol        :173  [32m                  [0;39m Destroying ProtocolHandler ["http-nio-8880"]
2024-07-30 10:49:06.582 INFO  c.z.w.config.WikiSpringboot2Application           :55   [32m                  [0;39m Starting WikiSpringboot2Application using Java 1.8.0_422 on M15_R7 with PID 42196 (C:\Users\zc903\IdeaProjects\wiki_springboot2\target\classes started by zc9038 in C:\Users\zc903\IdeaProjects\wiki_springboot2)
2024-07-30 10:49:06.582 INFO  c.z.w.config.WikiSpringboot2Application           :645  [32m                  [0;39m No active profile set, falling back to 1 default profile: "default"
2024-07-30 10:49:06.704 WARN  org.mybatis.spring.mapper.ClassPathMapperScanner  :44   [32m                  [0;39m No MyBatis mapper was found in '[com.zc.wiki_springboot2.mapper]' package. Please check your configuration.
2024-07-30 10:49:06.739 INFO  o.s.boot.web.embedded.tomcat.TomcatWebServer      :108  [32m                  [0;39m Tomcat initialized with port(s): 8880 (http)
2024-07-30 10:49:06.739 INFO  org.apache.coyote.http11.Http11NioProtocol        :173  [32m                  [0;39m Initializing ProtocolHandler ["http-nio-8880"]
2024-07-30 10:49:06.739 INFO  org.apache.catalina.core.StandardService          :173  [32m                  [0;39m Starting service [Tomcat]
2024-07-30 10:49:06.739 INFO  org.apache.catalina.core.StandardEngine           :173  [32m                  [0;39m Starting Servlet engine: [Apache Tomcat/9.0.68]
2024-07-30 10:49:06.753 INFO  o.a.c.c.ContainerBase.[Tomcat-1].[localhost].[/]  :173  [32m                  [0;39m Initializing Spring embedded WebApplicationContext
2024-07-30 10:49:06.753 INFO  o.s.b.w.s.c.ServletWebServerApplicationContext    :290  [32m                  [0;39m Root WebApplicationContext: initialization completed in 169 ms
2024-07-30 10:49:06.801 WARN  o.s.b.w.s.c.AnnotationConfigServletWebServerApplicationContext:591  [32m                  [0;39m Exception encountered during context initialization - cancelling refresh attempt: org.springframework.beans.factory.BeanCreationException: Error creating bean with name 'sqlSessionFactory' defined in class path resource [org/mybatis/spring/boot/autoconfigure/MybatisAutoConfiguration.class]: Bean instantiation via factory method failed; nested exception is org.springframework.beans.BeanInstantiationException: Failed to instantiate [org.apache.ibatis.session.SqlSessionFactory]: Factory method 'sqlSessionFactory' threw exception; nested exception is org.springframework.core.NestedIOException: Failed to parse mapping resource: 'file [C:\Users\zc903\IdeaProjects\wiki_springboot2\target\classes\mapper\DemoMapper.xml]'; nested exception is org.apache.ibatis.builder.BuilderException: Error parsing Mapper XML. The XML location is 'file [C:\Users\zc903\IdeaProjects\wiki_springboot2\target\classes\mapper\DemoMapper.xml]'. Cause: org.apache.ibatis.builder.BuilderException: Error resolving class. Cause: org.apache.ibatis.type.TypeException: Could not resolve type alias 'com.zc.wiki_springboot2.domain.Demo'.  Cause: java.lang.ClassNotFoundException: Cannot find class: com.zc.wiki_springboot2.domain.Demo
2024-07-30 10:49:06.802 INFO  org.apache.catalina.core.StandardService          :173  [32m                  [0;39m Stopping service [Tomcat]
2024-07-30 10:49:06.805 INFO  o.s.b.a.l.ConditionEvaluationReportLoggingListener:136  [32m                  [0;39m 

Error starting ApplicationContext. To display the conditions report re-run your application with 'debug' enabled.
2024-07-30 10:49:06.808 ERROR org.springframework.boot.SpringApplication        :835  [32m                  [0;39m Application run failed
org.springframework.beans.factory.BeanCreationException: Error creating bean with name 'sqlSessionFactory' defined in class path resource [org/mybatis/spring/boot/autoconfigure/MybatisAutoConfiguration.class]: Bean instantiation via factory method failed; nested exception is org.springframework.beans.BeanInstantiationException: Failed to instantiate [org.apache.ibatis.session.SqlSessionFactory]: Factory method 'sqlSessionFactory' threw exception; nested exception is org.springframework.core.NestedIOException: Failed to parse mapping resource: 'file [C:\Users\zc903\IdeaProjects\wiki_springboot2\target\classes\mapper\DemoMapper.xml]'; nested exception is org.apache.ibatis.builder.BuilderException: Error parsing Mapper XML. The XML location is 'file [C:\Users\zc903\IdeaProjects\wiki_springboot2\target\classes\mapper\DemoMapper.xml]'. Cause: org.apache.ibatis.builder.BuilderException: Error resolving class. Cause: org.apache.ibatis.type.TypeException: Could not resolve type alias 'com.zc.wiki_springboot2.domain.Demo'.  Cause: java.lang.ClassNotFoundException: Cannot find class: com.zc.wiki_springboot2.domain.Demo
	at org.springframework.beans.factory.support.ConstructorResolver.instantiate(ConstructorResolver.java:658)
	at org.springframework.beans.factory.support.ConstructorResolver.instantiateUsingFactoryMethod(ConstructorResolver.java:638)
	at org.springframework.beans.factory.support.AbstractAutowireCapableBeanFactory.instantiateUsingFactoryMethod(AbstractAutowireCapableBeanFactory.java:1352)
	at org.springframework.beans.factory.support.AbstractAutowireCapableBeanFactory.createBeanInstance(AbstractAutowireCapableBeanFactory.java:1195)
	at org.springframework.beans.factory.support.AbstractAutowireCapableBeanFactory.doCreateBean(AbstractAutowireCapableBeanFactory.java:582)
	at org.springframework.beans.factory.support.AbstractAutowireCapableBeanFactory.createBean(AbstractAutowireCapableBeanFactory.java:542)
	at org.springframework.beans.factory.support.AbstractBeanFactory.lambda$doGetBean$0(AbstractBeanFactory.java:335)
	at org.springframework.beans.factory.support.DefaultSingletonBeanRegistry.getSingleton(DefaultSingletonBeanRegistry.java:234)
	at org.springframework.beans.factory.support.AbstractBeanFactory.doGetBean(AbstractBeanFactory.java:333)
	at org.springframework.beans.factory.support.AbstractBeanFactory.getBean(AbstractBeanFactory.java:208)
	at org.springframework.beans.factory.support.DefaultListableBeanFactory.preInstantiateSingletons(DefaultListableBeanFactory.java:955)
	at org.springframework.context.support.AbstractApplicationContext.finishBeanFactoryInitialization(AbstractApplicationContext.java:918)
	at org.springframework.context.support.AbstractApplicationContext.refresh(AbstractApplicationContext.java:583)
	at org.springframework.boot.web.servlet.context.ServletWebServerApplicationContext.refresh(ServletWebServerApplicationContext.java:145)
	at org.springframework.boot.SpringApplication.refresh(SpringApplication.java:745)
	at org.springframework.boot.SpringApplication.refreshContext(SpringApplication.java:420)
	at org.springframework.boot.SpringApplication.run(SpringApplication.java:307)
	at com.zc.wiki_springboot2.config.WikiSpringboot2Application.main(WikiSpringboot2Application.java:20)
	at sun.reflect.NativeMethodAccessorImpl.invoke0(Native Method)
	at sun.reflect.NativeMethodAccessorImpl.invoke(NativeMethodAccessorImpl.java:62)
	at sun.reflect.DelegatingMethodAccessorImpl.invoke(DelegatingMethodAccessorImpl.java:43)
	at java.lang.reflect.Method.invoke(Method.java:498)
	at org.springframework.boot.devtools.restart.RestartLauncher.run(RestartLauncher.java:49)
Caused by: org.springframework.beans.BeanInstantiationException: Failed to instantiate [org.apache.ibatis.session.SqlSessionFactory]: Factory method 'sqlSessionFactory' threw exception; nested exception is org.springframework.core.NestedIOException: Failed to parse mapping resource: 'file [C:\Users\zc903\IdeaProjects\wiki_springboot2\target\classes\mapper\DemoMapper.xml]'; nested exception is org.apache.ibatis.builder.BuilderException: Error parsing Mapper XML. The XML location is 'file [C:\Users\zc903\IdeaProjects\wiki_springboot2\target\classes\mapper\DemoMapper.xml]'. Cause: org.apache.ibatis.builder.BuilderException: Error resolving class. Cause: org.apache.ibatis.type.TypeException: Could not resolve type alias 'com.zc.wiki_springboot2.domain.Demo'.  Cause: java.lang.ClassNotFoundException: Cannot find class: com.zc.wiki_springboot2.domain.Demo
	at org.springframework.beans.factory.support.SimpleInstantiationStrategy.instantiate(SimpleInstantiationStrategy.java:185)
	at org.springframework.beans.factory.support.ConstructorResolver.instantiate(ConstructorResolver.java:653)
	... 22 common frames omitted
Caused by: org.springframework.core.NestedIOException: Failed to parse mapping resource: 'file [C:\Users\zc903\IdeaProjects\wiki_springboot2\target\classes\mapper\DemoMapper.xml]'; nested exception is org.apache.ibatis.builder.BuilderException: Error parsing Mapper XML. The XML location is 'file [C:\Users\zc903\IdeaProjects\wiki_springboot2\target\classes\mapper\DemoMapper.xml]'. Cause: org.apache.ibatis.builder.BuilderException: Error resolving class. Cause: org.apache.ibatis.type.TypeException: Could not resolve type alias 'com.zc.wiki_springboot2.domain.Demo'.  Cause: java.lang.ClassNotFoundException: Cannot find class: com.zc.wiki_springboot2.domain.Demo
	at org.mybatis.spring.SqlSessionFactoryBean.buildSqlSessionFactory(SqlSessionFactoryBean.java:613)
	at org.mybatis.spring.SqlSessionFactoryBean.afterPropertiesSet(SqlSessionFactoryBean.java:491)
	at org.mybatis.spring.SqlSessionFactoryBean.getObject(SqlSessionFactoryBean.java:633)
	at org.mybatis.spring.boot.autoconfigure.MybatisAutoConfiguration.sqlSessionFactory(MybatisAutoConfiguration.java:188)
	at org.mybatis.spring.boot.autoconfigure.MybatisAutoConfiguration$$EnhancerBySpringCGLIB$$ef57db8.CGLIB$sqlSessionFactory$1(<generated>)
	at org.mybatis.spring.boot.autoconfigure.MybatisAutoConfiguration$$EnhancerBySpringCGLIB$$ef57db8$$FastClassBySpringCGLIB$$5cc75da9.invoke(<generated>)
	at org.springframework.cglib.proxy.MethodProxy.invokeSuper(MethodProxy.java:244)
	at org.springframework.context.annotation.ConfigurationClassEnhancer$BeanMethodInterceptor.intercept(ConfigurationClassEnhancer.java:331)
	at org.mybatis.spring.boot.autoconfigure.MybatisAutoConfiguration$$EnhancerBySpringCGLIB$$ef57db8.sqlSessionFactory(<generated>)
	at sun.reflect.NativeMethodAccessorImpl.invoke0(Native Method)
	at sun.reflect.NativeMethodAccessorImpl.invoke(NativeMethodAccessorImpl.java:62)
	at sun.reflect.DelegatingMethodAccessorImpl.invoke(DelegatingMethodAccessorImpl.java:43)
	at java.lang.reflect.Method.invoke(Method.java:498)
	at org.springframework.beans.factory.support.SimpleInstantiationStrategy.instantiate(SimpleInstantiationStrategy.java:154)
	... 23 common frames omitted
Caused by: org.apache.ibatis.builder.BuilderException: Error parsing Mapper XML. The XML location is 'file [C:\Users\zc903\IdeaProjects\wiki_springboot2\target\classes\mapper\DemoMapper.xml]'. Cause: org.apache.ibatis.builder.BuilderException: Error resolving class. Cause: org.apache.ibatis.type.TypeException: Could not resolve type alias 'com.zc.wiki_springboot2.domain.Demo'.  Cause: java.lang.ClassNotFoundException: Cannot find class: com.zc.wiki_springboot2.domain.Demo
	at org.apache.ibatis.builder.xml.XMLMapperBuilder.configurationElement(XMLMapperBuilder.java:123)
	at org.apache.ibatis.builder.xml.XMLMapperBuilder.parse(XMLMapperBuilder.java:95)
	at org.mybatis.spring.SqlSessionFactoryBean.buildSqlSessionFactory(SqlSessionFactoryBean.java:611)
	... 36 common frames omitted
Caused by: org.apache.ibatis.builder.BuilderException: Error resolving class. Cause: org.apache.ibatis.type.TypeException: Could not resolve type alias 'com.zc.wiki_springboot2.domain.Demo'.  Cause: java.lang.ClassNotFoundException: Cannot find class: com.zc.wiki_springboot2.domain.Demo
	at org.apache.ibatis.builder.BaseBuilder.resolveClass(BaseBuilder.java:118)
	at org.apache.ibatis.builder.xml.XMLMapperBuilder.resultMapElement(XMLMapperBuilder.java:263)
	at org.apache.ibatis.builder.xml.XMLMapperBuilder.resultMapElement(XMLMapperBuilder.java:254)
	at org.apache.ibatis.builder.xml.XMLMapperBuilder.resultMapElements(XMLMapperBuilder.java:246)
	at org.apache.ibatis.builder.xml.XMLMapperBuilder.configurationElement(XMLMapperBuilder.java:119)
	... 38 common frames omitted
Caused by: org.apache.ibatis.type.TypeException: Could not resolve type alias 'com.zc.wiki_springboot2.domain.Demo'.  Cause: java.lang.ClassNotFoundException: Cannot find class: com.zc.wiki_springboot2.domain.Demo
	at org.apache.ibatis.type.TypeAliasRegistry.resolveAlias(TypeAliasRegistry.java:120)
	at org.apache.ibatis.builder.BaseBuilder.resolveAlias(BaseBuilder.java:149)
	at org.apache.ibatis.builder.BaseBuilder.resolveClass(BaseBuilder.java:116)
	... 42 common frames omitted
Caused by: java.lang.ClassNotFoundException: Cannot find class: com.zc.wiki_springboot2.domain.Demo
	at org.apache.ibatis.io.ClassLoaderWrapper.classForName(ClassLoaderWrapper.java:196)
	at org.apache.ibatis.io.ClassLoaderWrapper.classForName(ClassLoaderWrapper.java:89)
	at org.apache.ibatis.io.Resources.classForName(Resources.java:261)
	at org.apache.ibatis.type.TypeAliasRegistry.resolveAlias(TypeAliasRegistry.java:116)
	... 44 common frames omitted
2024-07-30 10:49:21.525 INFO  c.z.w.config.WikiSpringboot2Application           :55   [32m                  [0;39m Starting WikiSpringboot2Application using Java 1.8.0_422 on M15_R7 with PID 42196 (C:\Users\zc903\IdeaProjects\wiki_springboot2\target\classes started by zc9038 in C:\Users\zc903\IdeaProjects\wiki_springboot2)
2024-07-30 10:49:21.526 INFO  c.z.w.config.WikiSpringboot2Application           :645  [32m                  [0;39m No active profile set, falling back to 1 default profile: "default"
2024-07-30 10:49:21.749 INFO  o.s.boot.web.embedded.tomcat.TomcatWebServer      :108  [32m                  [0;39m Tomcat initialized with port(s): 8880 (http)
2024-07-30 10:49:21.750 INFO  org.apache.coyote.http11.Http11NioProtocol        :173  [32m                  [0;39m Initializing ProtocolHandler ["http-nio-8880"]
2024-07-30 10:49:21.750 INFO  org.apache.catalina.core.StandardService          :173  [32m                  [0;39m Starting service [Tomcat]
2024-07-30 10:49:21.750 INFO  org.apache.catalina.core.StandardEngine           :173  [32m                  [0;39m Starting Servlet engine: [Apache Tomcat/9.0.68]
2024-07-30 10:49:21.761 INFO  o.a.c.c.ContainerBase.[Tomcat-2].[localhost].[/]  :173  [32m                  [0;39m Initializing Spring embedded WebApplicationContext
2024-07-30 10:49:21.762 INFO  o.s.b.w.s.c.ServletWebServerApplicationContext    :290  [32m                  [0;39m Root WebApplicationContext: initialization completed in 234 ms
2024-07-30 10:49:21.767 WARN  o.s.b.w.s.c.AnnotationConfigServletWebServerApplicationContext:591  [32m                  [0;39m Exception encountered during context initialization - cancelling refresh attempt: org.springframework.beans.factory.BeanCreationException: Error creating bean with name 'logAspect': Lookup method resolution failed; nested exception is java.lang.IllegalStateException: Failed to introspect Class [com.zc.wiki_springboot2.aspect.LogAspect] from ClassLoader [org.springframework.boot.devtools.restart.classloader.RestartClassLoader@cc4b997]
2024-07-30 10:49:21.767 INFO  org.apache.catalina.core.StandardService          :173  [32m                  [0;39m Stopping service [Tomcat]
2024-07-30 10:49:21.770 INFO  o.s.b.a.l.ConditionEvaluationReportLoggingListener:136  [32m                  [0;39m 

Error starting ApplicationContext. To display the conditions report re-run your application with 'debug' enabled.
2024-07-30 10:49:21.774 ERROR org.springframework.boot.SpringApplication        :835  [32m                  [0;39m Application run failed
org.springframework.beans.factory.BeanCreationException: Error creating bean with name 'logAspect': Lookup method resolution failed; nested exception is java.lang.IllegalStateException: Failed to introspect Class [com.zc.wiki_springboot2.aspect.LogAspect] from ClassLoader [org.springframework.boot.devtools.restart.classloader.RestartClassLoader@cc4b997]
	at org.springframework.beans.factory.annotation.AutowiredAnnotationBeanPostProcessor.determineCandidateConstructors(AutowiredAnnotationBeanPostProcessor.java:289)
	at org.springframework.beans.factory.support.AbstractAutowireCapableBeanFactory.determineConstructorsFromBeanPostProcessors(AbstractAutowireCapableBeanFactory.java:1302)
	at org.springframework.beans.factory.support.AbstractAutowireCapableBeanFactory.createBeanInstance(AbstractAutowireCapableBeanFactory.java:1219)
	at org.springframework.beans.factory.support.AbstractAutowireCapableBeanFactory.doCreateBean(AbstractAutowireCapableBeanFactory.java:582)
	at org.springframework.beans.factory.support.AbstractAutowireCapableBeanFactory.createBean(AbstractAutowireCapableBeanFactory.java:542)
	at org.springframework.beans.factory.support.AbstractBeanFactory.lambda$doGetBean$0(AbstractBeanFactory.java:335)
	at org.springframework.beans.factory.support.DefaultSingletonBeanRegistry.getSingleton(DefaultSingletonBeanRegistry.java:234)
	at org.springframework.beans.factory.support.AbstractBeanFactory.doGetBean(AbstractBeanFactory.java:333)
	at org.springframework.beans.factory.support.AbstractBeanFactory.getBean(AbstractBeanFactory.java:208)
	at org.springframework.beans.factory.support.DefaultListableBeanFactory.preInstantiateSingletons(DefaultListableBeanFactory.java:955)
	at org.springframework.context.support.AbstractApplicationContext.finishBeanFactoryInitialization(AbstractApplicationContext.java:918)
	at org.springframework.context.support.AbstractApplicationContext.refresh(AbstractApplicationContext.java:583)
	at org.springframework.boot.web.servlet.context.ServletWebServerApplicationContext.refresh(ServletWebServerApplicationContext.java:145)
	at org.springframework.boot.SpringApplication.refresh(SpringApplication.java:745)
	at org.springframework.boot.SpringApplication.refreshContext(SpringApplication.java:420)
	at org.springframework.boot.SpringApplication.run(SpringApplication.java:307)
	at com.zc.wiki_springboot2.config.WikiSpringboot2Application.main(WikiSpringboot2Application.java:20)
	at sun.reflect.NativeMethodAccessorImpl.invoke0(Native Method)
	at sun.reflect.NativeMethodAccessorImpl.invoke(NativeMethodAccessorImpl.java:62)
	at sun.reflect.DelegatingMethodAccessorImpl.invoke(DelegatingMethodAccessorImpl.java:43)
	at java.lang.reflect.Method.invoke(Method.java:498)
	at org.springframework.boot.devtools.restart.RestartLauncher.run(RestartLauncher.java:49)
Caused by: java.lang.IllegalStateException: Failed to introspect Class [com.zc.wiki_springboot2.aspect.LogAspect] from ClassLoader [org.springframework.boot.devtools.restart.classloader.RestartClassLoader@cc4b997]
	at org.springframework.util.ReflectionUtils.getDeclaredMethods(ReflectionUtils.java:485)
	at org.springframework.util.ReflectionUtils.doWithLocalMethods(ReflectionUtils.java:321)
	at org.springframework.beans.factory.annotation.AutowiredAnnotationBeanPostProcessor.determineCandidateConstructors(AutowiredAnnotationBeanPostProcessor.java:267)
	... 21 common frames omitted
Caused by: java.lang.NoClassDefFoundError: org/aspectj/lang/JoinPoint
	at java.lang.Class.getDeclaredMethods0(Native Method)
	at java.lang.Class.privateGetDeclaredMethods(Class.java:2729)
	at java.lang.Class.getDeclaredMethods(Class.java:2003)
	at org.springframework.util.ReflectionUtils.getDeclaredMethods(ReflectionUtils.java:467)
	... 23 common frames omitted
Caused by: java.lang.ClassNotFoundException: org.aspectj.lang.JoinPoint
	at java.net.URLClassLoader.findClass(URLClassLoader.java:387)
	at java.lang.ClassLoader.loadClass(ClassLoader.java:418)
	at sun.misc.Launcher$AppClassLoader.loadClass(Launcher.java:352)
	at java.lang.ClassLoader.loadClass(ClassLoader.java:351)
	at java.lang.Class.forName0(Native Method)
	at java.lang.Class.forName(Class.java:348)
	at org.springframework.boot.devtools.restart.classloader.RestartClassLoader.loadClass(RestartClassLoader.java:145)
	at java.lang.ClassLoader.loadClass(ClassLoader.java:351)
	... 27 common frames omitted
2024-07-30 10:49:39.744 INFO  c.z.w.config.WikiSpringboot2Application           :55   [32m                  [0;39m Starting WikiSpringboot2Application using Java 1.8.0_422 on M15_R7 with PID 42196 (C:\Users\zc903\IdeaProjects\wiki_springboot2\target\classes started by zc9038 in C:\Users\zc903\IdeaProjects\wiki_springboot2)
2024-07-30 10:49:39.744 INFO  c.z.w.config.WikiSpringboot2Application           :645  [32m                  [0;39m No active profile set, falling back to 1 default profile: "default"
2024-07-30 10:49:39.923 INFO  o.s.boot.web.embedded.tomcat.TomcatWebServer      :108  [32m                  [0;39m Tomcat initialized with port(s): 8880 (http)
2024-07-30 10:49:39.924 INFO  org.apache.coyote.http11.Http11NioProtocol        :173  [32m                  [0;39m Initializing ProtocolHandler ["http-nio-8880"]
2024-07-30 10:49:39.924 INFO  org.apache.catalina.core.StandardService          :173  [32m                  [0;39m Starting service [Tomcat]
2024-07-30 10:49:39.924 INFO  org.apache.catalina.core.StandardEngine           :173  [32m                  [0;39m Starting Servlet engine: [Apache Tomcat/9.0.68]
2024-07-30 10:49:39.935 INFO  o.a.c.c.ContainerBase.[Tomcat-3].[localhost].[/]  :173  [32m                  [0;39m Initializing Spring embedded WebApplicationContext
2024-07-30 10:49:39.935 INFO  o.s.b.w.s.c.ServletWebServerApplicationContext    :290  [32m                  [0;39m Root WebApplicationContext: initialization completed in 188 ms
2024-07-30 10:49:39.941 WARN  o.s.b.w.s.c.AnnotationConfigServletWebServerApplicationContext:591  [32m                  [0;39m Exception encountered during context initialization - cancelling refresh attempt: org.springframework.beans.factory.BeanCreationException: Error creating bean with name 'logAspect': Lookup method resolution failed; nested exception is java.lang.IllegalStateException: Failed to introspect Class [com.zc.wiki_springboot2.aspect.LogAspect] from ClassLoader [org.springframework.boot.devtools.restart.classloader.RestartClassLoader@427ab487]
2024-07-30 10:49:39.942 INFO  org.apache.catalina.core.StandardService          :173  [32m                  [0;39m Stopping service [Tomcat]
2024-07-30 10:49:39.945 INFO  o.s.b.a.l.ConditionEvaluationReportLoggingListener:136  [32m                  [0;39m 

Error starting ApplicationContext. To display the conditions report re-run your application with 'debug' enabled.
2024-07-30 10:49:39.948 ERROR org.springframework.boot.SpringApplication        :835  [32m                  [0;39m Application run failed
org.springframework.beans.factory.BeanCreationException: Error creating bean with name 'logAspect': Lookup method resolution failed; nested exception is java.lang.IllegalStateException: Failed to introspect Class [com.zc.wiki_springboot2.aspect.LogAspect] from ClassLoader [org.springframework.boot.devtools.restart.classloader.RestartClassLoader@427ab487]
	at org.springframework.beans.factory.annotation.AutowiredAnnotationBeanPostProcessor.determineCandidateConstructors(AutowiredAnnotationBeanPostProcessor.java:289)
	at org.springframework.beans.factory.support.AbstractAutowireCapableBeanFactory.determineConstructorsFromBeanPostProcessors(AbstractAutowireCapableBeanFactory.java:1302)
	at org.springframework.beans.factory.support.AbstractAutowireCapableBeanFactory.createBeanInstance(AbstractAutowireCapableBeanFactory.java:1219)
	at org.springframework.beans.factory.support.AbstractAutowireCapableBeanFactory.doCreateBean(AbstractAutowireCapableBeanFactory.java:582)
	at org.springframework.beans.factory.support.AbstractAutowireCapableBeanFactory.createBean(AbstractAutowireCapableBeanFactory.java:542)
	at org.springframework.beans.factory.support.AbstractBeanFactory.lambda$doGetBean$0(AbstractBeanFactory.java:335)
	at org.springframework.beans.factory.support.DefaultSingletonBeanRegistry.getSingleton(DefaultSingletonBeanRegistry.java:234)
	at org.springframework.beans.factory.support.AbstractBeanFactory.doGetBean(AbstractBeanFactory.java:333)
	at org.springframework.beans.factory.support.AbstractBeanFactory.getBean(AbstractBeanFactory.java:208)
	at org.springframework.beans.factory.support.DefaultListableBeanFactory.preInstantiateSingletons(DefaultListableBeanFactory.java:955)
	at org.springframework.context.support.AbstractApplicationContext.finishBeanFactoryInitialization(AbstractApplicationContext.java:918)
	at org.springframework.context.support.AbstractApplicationContext.refresh(AbstractApplicationContext.java:583)
	at org.springframework.boot.web.servlet.context.ServletWebServerApplicationContext.refresh(ServletWebServerApplicationContext.java:145)
	at org.springframework.boot.SpringApplication.refresh(SpringApplication.java:745)
	at org.springframework.boot.SpringApplication.refreshContext(SpringApplication.java:420)
	at org.springframework.boot.SpringApplication.run(SpringApplication.java:307)
	at com.zc.wiki_springboot2.config.WikiSpringboot2Application.main(WikiSpringboot2Application.java:20)
	at sun.reflect.NativeMethodAccessorImpl.invoke0(Native Method)
	at sun.reflect.NativeMethodAccessorImpl.invoke(NativeMethodAccessorImpl.java:62)
	at sun.reflect.DelegatingMethodAccessorImpl.invoke(DelegatingMethodAccessorImpl.java:43)
	at java.lang.reflect.Method.invoke(Method.java:498)
	at org.springframework.boot.devtools.restart.RestartLauncher.run(RestartLauncher.java:49)
Caused by: java.lang.IllegalStateException: Failed to introspect Class [com.zc.wiki_springboot2.aspect.LogAspect] from ClassLoader [org.springframework.boot.devtools.restart.classloader.RestartClassLoader@427ab487]
	at org.springframework.util.ReflectionUtils.getDeclaredMethods(ReflectionUtils.java:485)
	at org.springframework.util.ReflectionUtils.doWithLocalMethods(ReflectionUtils.java:321)
	at org.springframework.beans.factory.annotation.AutowiredAnnotationBeanPostProcessor.determineCandidateConstructors(AutowiredAnnotationBeanPostProcessor.java:267)
	... 21 common frames omitted
Caused by: java.lang.NoClassDefFoundError: org/aspectj/lang/JoinPoint
	at java.lang.Class.getDeclaredMethods0(Native Method)
	at java.lang.Class.privateGetDeclaredMethods(Class.java:2729)
	at java.lang.Class.getDeclaredMethods(Class.java:2003)
	at org.springframework.util.ReflectionUtils.getDeclaredMethods(ReflectionUtils.java:467)
	... 23 common frames omitted
Caused by: java.lang.ClassNotFoundException: org.aspectj.lang.JoinPoint
	at java.net.URLClassLoader.findClass(URLClassLoader.java:387)
	at java.lang.ClassLoader.loadClass(ClassLoader.java:418)
	at sun.misc.Launcher$AppClassLoader.loadClass(Launcher.java:352)
	at java.lang.ClassLoader.loadClass(ClassLoader.java:351)
	at java.lang.Class.forName0(Native Method)
	at java.lang.Class.forName(Class.java:348)
	at org.springframework.boot.devtools.restart.classloader.RestartClassLoader.loadClass(RestartClassLoader.java:145)
	at java.lang.ClassLoader.loadClass(ClassLoader.java:351)
	... 27 common frames omitted
2024-07-30 10:50:33.961 INFO  c.z.w.config.WikiSpringboot2Application           :55   [32m                  [0;39m Starting WikiSpringboot2Application using Java 1.8.0_422 on M15_R7 with PID 42196 (C:\Users\zc903\IdeaProjects\wiki_springboot2\target\classes started by zc9038 in C:\Users\zc903\IdeaProjects\wiki_springboot2)
2024-07-30 10:50:33.961 INFO  c.z.w.config.WikiSpringboot2Application           :645  [32m                  [0;39m No active profile set, falling back to 1 default profile: "default"
2024-07-30 10:50:34.132 INFO  o.s.boot.web.embedded.tomcat.TomcatWebServer      :108  [32m                  [0;39m Tomcat initialized with port(s): 8880 (http)
2024-07-30 10:50:34.133 INFO  org.apache.coyote.http11.Http11NioProtocol        :173  [32m                  [0;39m Initializing ProtocolHandler ["http-nio-8880"]
2024-07-30 10:50:34.133 INFO  org.apache.catalina.core.StandardService          :173  [32m                  [0;39m Starting service [Tomcat]
2024-07-30 10:50:34.133 INFO  org.apache.catalina.core.StandardEngine           :173  [32m                  [0;39m Starting Servlet engine: [Apache Tomcat/9.0.68]
2024-07-30 10:50:34.144 INFO  o.a.c.c.ContainerBase.[Tomcat-4].[localhost].[/]  :173  [32m                  [0;39m Initializing Spring embedded WebApplicationContext
2024-07-30 10:50:34.145 INFO  o.s.b.w.s.c.ServletWebServerApplicationContext    :290  [32m                  [0;39m Root WebApplicationContext: initialization completed in 182 ms
2024-07-30 10:50:34.235 INFO  o.s.b.d.autoconfigure.OptionalLiveReloadServer    :59   [32m                  [0;39m LiveReload server is running on port 35729
2024-07-30 10:50:34.239 INFO  org.apache.coyote.http11.Http11NioProtocol        :173  [32m                  [0;39m Starting ProtocolHandler ["http-nio-8880"]
2024-07-30 10:50:34.271 INFO  o.s.boot.web.embedded.tomcat.TomcatWebServer      :220  [32m                  [0;39m Tomcat started on port(s): 8880 (http) with context path ''
2024-07-30 10:50:34.274 INFO  c.z.w.config.WikiSpringboot2Application           :61   [32m                  [0;39m Started WikiSpringboot2Application in 0.337 seconds (JVM running for 3056.206)
2024-07-30 10:50:34.274 INFO  o.s.b.d.a.ConditionEvaluationDeltaLoggingListener :63   [32m                  [0;39m Condition evaluation unchanged
2024-07-30 10:50:34.275 INFO  c.z.w.config.WikiSpringboot2Application           :21   [32m                  [0;39m 启动成功
2024-07-30 10:50:34.275 INFO  c.z.w.config.WikiSpringboot2Application           :22   [32m                  [0;39m 地址: 	http://127.0.0.1:8880
2024-07-30 10:50:35.696 INFO  o.s.b.d.a.LocalDevToolsAutoConfiguration$RestartingClassPathChangeChangedEventListener:210  [32m                  [0;39m Restarting due to 1 class path change (1 addition, 0 deletions, 0 modifications)
2024-07-30 10:50:36.017 INFO  org.apache.coyote.http11.Http11NioProtocol        :173  [32m                  [0;39m Pausing ProtocolHandler ["http-nio-8880"]
2024-07-30 10:50:36.017 INFO  org.apache.catalina.core.StandardService          :173  [32m                  [0;39m Stopping service [Tomcat]
2024-07-30 10:50:36.021 INFO  org.apache.coyote.http11.Http11NioProtocol        :173  [32m                  [0;39m Stopping ProtocolHandler ["http-nio-8880"]
2024-07-30 10:50:36.022 INFO  org.apache.coyote.http11.Http11NioProtocol        :173  [32m                  [0;39m Destroying ProtocolHandler ["http-nio-8880"]
2024-07-30 10:50:36.139 INFO  c.z.w.config.WikiSpringboot2Application           :55   [32m                  [0;39m Starting WikiSpringboot2Application using Java 1.8.0_422 on M15_R7 with PID 42196 (C:\Users\zc903\IdeaProjects\wiki_springboot2\target\classes started by zc9038 in C:\Users\zc903\IdeaProjects\wiki_springboot2)
2024-07-30 10:50:36.139 INFO  c.z.w.config.WikiSpringboot2Application           :645  [32m                  [0;39m No active profile set, falling back to 1 default profile: "default"
2024-07-30 10:50:36.306 INFO  o.s.boot.web.embedded.tomcat.TomcatWebServer      :108  [32m                  [0;39m Tomcat initialized with port(s): 8880 (http)
2024-07-30 10:50:36.307 INFO  org.apache.coyote.http11.Http11NioProtocol        :173  [32m                  [0;39m Initializing ProtocolHandler ["http-nio-8880"]
2024-07-30 10:50:36.307 INFO  org.apache.catalina.core.StandardService          :173  [32m                  [0;39m Starting service [Tomcat]
2024-07-30 10:50:36.307 INFO  org.apache.catalina.core.StandardEngine           :173  [32m                  [0;39m Starting Servlet engine: [Apache Tomcat/9.0.68]
2024-07-30 10:50:36.318 INFO  o.a.c.c.ContainerBase.[Tomcat-4].[localhost].[/]  :173  [32m                  [0;39m Initializing Spring embedded WebApplicationContext
2024-07-30 10:50:36.318 INFO  o.s.b.w.s.c.ServletWebServerApplicationContext    :290  [32m                  [0;39m Root WebApplicationContext: initialization completed in 177 ms
2024-07-30 10:50:36.324 WARN  o.s.b.w.s.c.AnnotationConfigServletWebServerApplicationContext:591  [32m                  [0;39m Exception encountered during context initialization - cancelling refresh attempt: org.springframework.beans.factory.BeanCreationException: Error creating bean with name 'logAspect': Lookup method resolution failed; nested exception is java.lang.IllegalStateException: Failed to introspect Class [com.zc.wiki_springboot2.aspect.LogAspect] from ClassLoader [org.springframework.boot.devtools.restart.classloader.RestartClassLoader@cabc378]
2024-07-30 10:50:36.324 INFO  org.apache.catalina.core.StandardService          :173  [32m                  [0;39m Stopping service [Tomcat]
2024-07-30 10:50:36.327 INFO  o.s.b.a.l.ConditionEvaluationReportLoggingListener:136  [32m                  [0;39m 

Error starting ApplicationContext. To display the conditions report re-run your application with 'debug' enabled.
2024-07-30 10:50:36.330 ERROR org.springframework.boot.SpringApplication        :835  [32m                  [0;39m Application run failed
org.springframework.beans.factory.BeanCreationException: Error creating bean with name 'logAspect': Lookup method resolution failed; nested exception is java.lang.IllegalStateException: Failed to introspect Class [com.zc.wiki_springboot2.aspect.LogAspect] from ClassLoader [org.springframework.boot.devtools.restart.classloader.RestartClassLoader@cabc378]
	at org.springframework.beans.factory.annotation.AutowiredAnnotationBeanPostProcessor.determineCandidateConstructors(AutowiredAnnotationBeanPostProcessor.java:289)
	at org.springframework.beans.factory.support.AbstractAutowireCapableBeanFactory.determineConstructorsFromBeanPostProcessors(AbstractAutowireCapableBeanFactory.java:1302)
	at org.springframework.beans.factory.support.AbstractAutowireCapableBeanFactory.createBeanInstance(AbstractAutowireCapableBeanFactory.java:1219)
	at org.springframework.beans.factory.support.AbstractAutowireCapableBeanFactory.doCreateBean(AbstractAutowireCapableBeanFactory.java:582)
	at org.springframework.beans.factory.support.AbstractAutowireCapableBeanFactory.createBean(AbstractAutowireCapableBeanFactory.java:542)
	at org.springframework.beans.factory.support.AbstractBeanFactory.lambda$doGetBean$0(AbstractBeanFactory.java:335)
	at org.springframework.beans.factory.support.DefaultSingletonBeanRegistry.getSingleton(DefaultSingletonBeanRegistry.java:234)
	at org.springframework.beans.factory.support.AbstractBeanFactory.doGetBean(AbstractBeanFactory.java:333)
	at org.springframework.beans.factory.support.AbstractBeanFactory.getBean(AbstractBeanFactory.java:208)
	at org.springframework.beans.factory.support.DefaultListableBeanFactory.preInstantiateSingletons(DefaultListableBeanFactory.java:955)
	at org.springframework.context.support.AbstractApplicationContext.finishBeanFactoryInitialization(AbstractApplicationContext.java:918)
	at org.springframework.context.support.AbstractApplicationContext.refresh(AbstractApplicationContext.java:583)
	at org.springframework.boot.web.servlet.context.ServletWebServerApplicationContext.refresh(ServletWebServerApplicationContext.java:145)
	at org.springframework.boot.SpringApplication.refresh(SpringApplication.java:745)
	at org.springframework.boot.SpringApplication.refreshContext(SpringApplication.java:420)
	at org.springframework.boot.SpringApplication.run(SpringApplication.java:307)
	at com.zc.wiki_springboot2.config.WikiSpringboot2Application.main(WikiSpringboot2Application.java:20)
	at sun.reflect.NativeMethodAccessorImpl.invoke0(Native Method)
	at sun.reflect.NativeMethodAccessorImpl.invoke(NativeMethodAccessorImpl.java:62)
	at sun.reflect.DelegatingMethodAccessorImpl.invoke(DelegatingMethodAccessorImpl.java:43)
	at java.lang.reflect.Method.invoke(Method.java:498)
	at org.springframework.boot.devtools.restart.RestartLauncher.run(RestartLauncher.java:49)
Caused by: java.lang.IllegalStateException: Failed to introspect Class [com.zc.wiki_springboot2.aspect.LogAspect] from ClassLoader [org.springframework.boot.devtools.restart.classloader.RestartClassLoader@cabc378]
	at org.springframework.util.ReflectionUtils.getDeclaredMethods(ReflectionUtils.java:485)
	at org.springframework.util.ReflectionUtils.doWithLocalMethods(ReflectionUtils.java:321)
	at org.springframework.beans.factory.annotation.AutowiredAnnotationBeanPostProcessor.determineCandidateConstructors(AutowiredAnnotationBeanPostProcessor.java:267)
	... 21 common frames omitted
Caused by: java.lang.NoClassDefFoundError: org/aspectj/lang/JoinPoint
	at java.lang.Class.getDeclaredMethods0(Native Method)
	at java.lang.Class.privateGetDeclaredMethods(Class.java:2729)
	at java.lang.Class.getDeclaredMethods(Class.java:2003)
	at org.springframework.util.ReflectionUtils.getDeclaredMethods(ReflectionUtils.java:467)
	... 23 common frames omitted
Caused by: java.lang.ClassNotFoundException: org.aspectj.lang.JoinPoint
	at java.net.URLClassLoader.findClass(URLClassLoader.java:387)
	at java.lang.ClassLoader.loadClass(ClassLoader.java:418)
	at sun.misc.Launcher$AppClassLoader.loadClass(Launcher.java:352)
	at java.lang.ClassLoader.loadClass(ClassLoader.java:351)
	at java.lang.Class.forName0(Native Method)
	at java.lang.Class.forName(Class.java:348)
	at org.springframework.boot.devtools.restart.classloader.RestartClassLoader.loadClass(RestartClassLoader.java:145)
	at java.lang.ClassLoader.loadClass(ClassLoader.java:351)
	... 27 common frames omitted
2024-07-30 11:04:21.773 INFO  c.z.w.config.WikiSpringboot2Application           :55   [32m                  [0;39m Starting WikiSpringboot2Application using Java 1.8.0_422 on M15_R7 with PID 32960 (C:\Users\zc903\IdeaProjects\wiki_springboot2\target\classes started by zc9038 in C:\Users\zc903\IdeaProjects\wiki_springboot2)
2024-07-30 11:04:21.774 INFO  c.z.w.config.WikiSpringboot2Application           :645  [32m                  [0;39m No active profile set, falling back to 1 default profile: "default"
2024-07-30 11:04:21.810 INFO  o.s.b.d.env.DevToolsPropertyDefaultsPostProcessor :255  [32m                  [0;39m Devtools property defaults active! Set 'spring.devtools.add-properties' to 'false' to disable
2024-07-30 11:04:21.810 INFO  o.s.b.d.env.DevToolsPropertyDefaultsPostProcessor :255  [32m                  [0;39m For additional web related logging consider setting the 'logging.level.web' property to 'DEBUG'
2024-07-30 11:04:22.717 INFO  o.s.boot.web.embedded.tomcat.TomcatWebServer      :108  [32m                  [0;39m Tomcat initialized with port(s): 8880 (http)
2024-07-30 11:04:22.723 INFO  org.apache.coyote.http11.Http11NioProtocol        :173  [32m                  [0;39m Initializing ProtocolHandler ["http-nio-8880"]
2024-07-30 11:04:22.724 INFO  org.apache.catalina.core.StandardService          :173  [32m                  [0;39m Starting service [Tomcat]
2024-07-30 11:04:22.724 INFO  org.apache.catalina.core.StandardEngine           :173  [32m                  [0;39m Starting Servlet engine: [Apache Tomcat/9.0.68]
2024-07-30 11:04:22.779 INFO  o.a.c.core.ContainerBase.[Tomcat].[localhost].[/] :173  [32m                  [0;39m Initializing Spring embedded WebApplicationContext
2024-07-30 11:04:22.780 INFO  o.s.b.w.s.c.ServletWebServerApplicationContext    :290  [32m                  [0;39m Root WebApplicationContext: initialization completed in 969 ms
2024-07-30 11:04:23.366 INFO  o.s.b.d.autoconfigure.OptionalLiveReloadServer    :59   [32m                  [0;39m LiveReload server is running on port 35729
2024-07-30 11:04:23.378 INFO  org.apache.coyote.http11.Http11NioProtocol        :173  [32m                  [0;39m Starting ProtocolHandler ["http-nio-8880"]
2024-07-30 11:04:23.420 INFO  o.s.boot.web.embedded.tomcat.TomcatWebServer      :220  [32m                  [0;39m Tomcat started on port(s): 8880 (http) with context path ''
2024-07-30 11:04:23.427 INFO  c.z.w.config.WikiSpringboot2Application           :61   [32m                  [0;39m Started WikiSpringboot2Application in 1.94 seconds (JVM running for 2.684)
2024-07-30 11:04:23.429 INFO  c.z.w.config.WikiSpringboot2Application           :21   [32m                  [0;39m 启动成功
2024-07-30 11:04:23.430 INFO  c.z.w.config.WikiSpringboot2Application           :22   [32m                  [0;39m 地址: 	http://127.0.0.1:8880
2024-07-30 11:05:06.454 INFO  o.a.c.core.ContainerBase.[Tomcat].[localhost].[/] :173  [32m                  [0;39m Initializing Spring DispatcherServlet 'dispatcherServlet'
2024-07-30 11:05:06.455 INFO  org.springframework.web.servlet.DispatcherServlet :525  [32m                  [0;39m Initializing Servlet 'dispatcherServlet'
2024-07-30 11:05:06.456 INFO  org.springframework.web.servlet.DispatcherServlet :547  [32m                  [0;39m Completed initialization in 1 ms
2024-07-30 11:05:06.462 INFO  com.zc.wiki_springboot2.filter.LogFilter          :29   [32m                  [0;39m --------------------过滤器开始--------------------
2024-07-30 11:05:06.463 INFO  com.zc.wiki_springboot2.filter.LogFilter          :30   [32m                  [0;39m Request - URL: http://localhost:8880/test/list, Method: GET, Remote Address: 127.0.0.1
2024-07-30 11:05:06.471 INFO  com.zc.wiki_springboot2.interceptor.LogInterceptor:23   [32m                  [0;39m ------------- LogInterceptor 开始 -------------
2024-07-30 11:05:06.472 INFO  com.zc.wiki_springboot2.interceptor.LogInterceptor:24   [32m                  [0;39m 请求地址: http://localhost:8880/test/list GET
2024-07-30 11:05:06.472 INFO  com.zc.wiki_springboot2.interceptor.LogInterceptor:25   [32m                  [0;39m 远程地址: 127.0.0.1
2024-07-30 11:05:06.479 INFO  com.zc.wiki_springboot2.aspect.LogAspect          :43   [32m                  [0;39m ------------- 开始 -------------
2024-07-30 11:05:06.480 INFO  com.zc.wiki_springboot2.aspect.LogAspect          :44   [32m                  [0;39m 请求地址: http://localhost:8880/test/list GET
2024-07-30 11:05:06.480 INFO  com.zc.wiki_springboot2.aspect.LogAspect          :45   [32m                  [0;39m 类名方法: com.zc.wiki_springboot2.controller.TestController.testList
2024-07-30 11:05:06.480 INFO  com.zc.wiki_springboot2.aspect.LogAspect          :46   [32m                  [0;39m 远程地址: 127.0.0.1
2024-07-30 11:05:06.506 INFO  com.zc.wiki_springboot2.aspect.LogAspect          :66   [32m                  [0;39m 请求参数: []
2024-07-30 11:05:06.520 INFO  com.zaxxer.hikari.HikariDataSource                :110  [32m                  [0;39m HikariPool-1 - Starting...
2024-07-30 11:05:06.698 INFO  com.zaxxer.hikari.HikariDataSource                :123  [32m                  [0;39m HikariPool-1 - Start completed.
2024-07-30 11:05:06.739 INFO  com.zc.wiki_springboot2.aspect.LogAspect          :78   [32m                  [0;39m 返回结果: [{"id":1,"name":"admin"}]
2024-07-30 11:05:06.740 INFO  com.zc.wiki_springboot2.aspect.LogAspect          :79   [32m                  [0;39m ------------- 结束 耗时：262 ms -------------
2024-07-30 11:05:06.788 INFO  com.zc.wiki_springboot2.interceptor.LogInterceptor:35   [32m                  [0;39m ------------- LogInterceptor 结束 耗时：316 ms -------------
2024-07-30 11:05:06.789 INFO  com.zc.wiki_springboot2.filter.LogFilter          :38   [32m                  [0;39m Response - Status: 200
2024-07-30 11:05:06.789 INFO  com.zc.wiki_springboot2.filter.LogFilter          :39   [32m                  [0;39m ---------------过滤器结束-耗时: 326 ms---------------
2024-07-30 11:05:22.103 INFO  com.zc.wiki_springboot2.filter.LogFilter          :29   [32m                  [0;39m --------------------过滤器开始--------------------
2024-07-30 11:05:22.104 INFO  com.zc.wiki_springboot2.filter.LogFilter          :30   [32m                  [0;39m Request - URL: http://localhost:8880/test/list, Method: GET, Remote Address: 127.0.0.1
2024-07-30 11:05:22.104 INFO  com.zc.wiki_springboot2.interceptor.LogInterceptor:23   [32m                  [0;39m ------------- LogInterceptor 开始 -------------
2024-07-30 11:05:22.104 INFO  com.zc.wiki_springboot2.interceptor.LogInterceptor:24   [32m                  [0;39m 请求地址: http://localhost:8880/test/list GET
2024-07-30 11:05:22.105 INFO  com.zc.wiki_springboot2.interceptor.LogInterceptor:25   [32m                  [0;39m 远程地址: 127.0.0.1
2024-07-30 11:05:22.105 INFO  com.zc.wiki_springboot2.aspect.LogAspect          :43   [32m                  [0;39m ------------- 开始 -------------
2024-07-30 11:05:22.105 INFO  com.zc.wiki_springboot2.aspect.LogAspect          :44   [32m                  [0;39m 请求地址: http://localhost:8880/test/list GET
2024-07-30 11:05:22.105 INFO  com.zc.wiki_springboot2.aspect.LogAspect          :45   [32m                  [0;39m 类名方法: com.zc.wiki_springboot2.controller.TestController.testList
2024-07-30 11:05:22.105 INFO  com.zc.wiki_springboot2.aspect.LogAspect          :46   [32m                  [0;39m 远程地址: 127.0.0.1
2024-07-30 11:05:22.105 INFO  com.zc.wiki_springboot2.aspect.LogAspect          :66   [32m                  [0;39m 请求参数: []
2024-07-30 11:05:22.108 INFO  com.zc.wiki_springboot2.aspect.LogAspect          :78   [32m                  [0;39m 返回结果: [{"id":1,"name":"admin"}]
2024-07-30 11:05:22.109 INFO  com.zc.wiki_springboot2.aspect.LogAspect          :79   [32m                  [0;39m ------------- 结束 耗时：4 ms -------------
2024-07-30 11:05:22.109 INFO  com.zc.wiki_springboot2.interceptor.LogInterceptor:35   [32m                  [0;39m ------------- LogInterceptor 结束 耗时：4 ms -------------
2024-07-30 11:05:22.110 INFO  com.zc.wiki_springboot2.filter.LogFilter          :38   [32m                  [0;39m Response - Status: 200
2024-07-30 11:05:22.110 INFO  com.zc.wiki_springboot2.filter.LogFilter          :39   [32m                  [0;39m ---------------过滤器结束-耗时: 6 ms---------------
2024-07-30 11:31:04.480 INFO  o.s.b.d.a.LocalDevToolsAutoConfiguration$RestartingClassPathChangeChangedEventListener:210  [32m                  [0;39m Restarting due to 3 class path changes (0 additions, 3 deletions, 0 modifications)
2024-07-30 11:31:04.816 INFO  org.apache.coyote.http11.Http11NioProtocol        :173  [32m                  [0;39m Pausing ProtocolHandler ["http-nio-8880"]
2024-07-30 11:31:04.816 INFO  org.apache.catalina.core.StandardService          :173  [32m                  [0;39m Stopping service [Tomcat]
2024-07-30 11:31:04.817 INFO  o.a.c.core.ContainerBase.[Tomcat].[localhost].[/] :173  [32m                  [0;39m Destroying Spring FrameworkServlet 'dispatcherServlet'
2024-07-30 11:31:04.819 WARN  org.apache.catalina.loader.WebappClassLoaderBase  :173  [32m                  [0;39m The web application [ROOT] appears to have started a thread named [HikariPool-1 housekeeper] but has failed to stop it. This is very likely to create a memory leak. Stack trace of thread:
 sun.misc.Unsafe.park(Native Method)
 java.util.concurrent.locks.LockSupport.parkNanos(LockSupport.java:215)
 java.util.concurrent.locks.AbstractQueuedSynchronizer$ConditionObject.awaitNanos(AbstractQueuedSynchronizer.java:2078)
 java.util.concurrent.ScheduledThreadPoolExecutor$DelayedWorkQueue.take(ScheduledThreadPoolExecutor.java:1093)
 java.util.concurrent.ScheduledThreadPoolExecutor$DelayedWorkQueue.take(ScheduledThreadPoolExecutor.java:809)
 java.util.concurrent.ThreadPoolExecutor.getTask(ThreadPoolExecutor.java:1074)
 java.util.concurrent.ThreadPoolExecutor.runWorker(ThreadPoolExecutor.java:1134)
 java.util.concurrent.ThreadPoolExecutor$Worker.run(ThreadPoolExecutor.java:624)
 java.lang.Thread.run(Thread.java:750)
2024-07-30 11:31:04.820 INFO  org.apache.coyote.http11.Http11NioProtocol        :173  [32m                  [0;39m Stopping ProtocolHandler ["http-nio-8880"]
2024-07-30 11:31:04.825 INFO  org.apache.coyote.http11.Http11NioProtocol        :173  [32m                  [0;39m Destroying ProtocolHandler ["http-nio-8880"]
2024-07-30 11:31:04.828 INFO  com.zaxxer.hikari.HikariDataSource                :350  [32m                  [0;39m HikariPool-1 - Shutdown initiated...
2024-07-30 11:31:04.844 INFO  com.zaxxer.hikari.HikariDataSource                :352  [32m                  [0;39m HikariPool-1 - Shutdown completed.
2024-07-30 11:31:04.961 INFO  c.z.w.config.WikiSpringboot2Application           :55   [32m                  [0;39m Starting WikiSpringboot2Application using Java 1.8.0_422 on M15_R7 with PID 32960 (C:\Users\zc903\IdeaProjects\wiki_springboot2\target\classes started by zc9038 in C:\Users\zc903\IdeaProjects\wiki_springboot2)
2024-07-30 11:31:04.962 INFO  c.z.w.config.WikiSpringboot2Application           :645  [32m                  [0;39m No active profile set, falling back to 1 default profile: "default"
2024-07-30 11:31:05.235 INFO  o.s.boot.web.embedded.tomcat.TomcatWebServer      :108  [32m                  [0;39m Tomcat initialized with port(s): 8880 (http)
2024-07-30 11:31:05.235 INFO  org.apache.coyote.http11.Http11NioProtocol        :173  [32m                  [0;39m Initializing ProtocolHandler ["http-nio-8880"]
2024-07-30 11:31:05.235 INFO  org.apache.catalina.core.StandardService          :173  [32m                  [0;39m Starting service [Tomcat]
2024-07-30 11:31:05.237 INFO  org.apache.catalina.core.StandardEngine           :173  [32m                  [0;39m Starting Servlet engine: [Apache Tomcat/9.0.68]
2024-07-30 11:31:05.251 INFO  o.a.c.core.ContainerBase.[Tomcat].[localhost].[/] :173  [32m                  [0;39m Initializing Spring embedded WebApplicationContext
2024-07-30 11:31:05.251 INFO  o.s.b.w.s.c.ServletWebServerApplicationContext    :290  [32m                  [0;39m Root WebApplicationContext: initialization completed in 286 ms
2024-07-30 11:31:05.481 INFO  o.s.b.d.autoconfigure.OptionalLiveReloadServer    :59   [32m                  [0;39m LiveReload server is running on port 35729
2024-07-30 11:31:05.486 INFO  org.apache.coyote.http11.Http11NioProtocol        :173  [32m                  [0;39m Starting ProtocolHandler ["http-nio-8880"]
2024-07-30 11:31:05.519 INFO  o.s.boot.web.embedded.tomcat.TomcatWebServer      :220  [32m                  [0;39m Tomcat started on port(s): 8880 (http) with context path ''
2024-07-30 11:31:05.522 INFO  c.z.w.config.WikiSpringboot2Application           :61   [32m                  [0;39m Started WikiSpringboot2Application in 0.588 seconds (JVM running for 1604.778)
2024-07-30 11:31:05.523 INFO  o.s.b.d.a.ConditionEvaluationDeltaLoggingListener :63   [32m                  [0;39m Condition evaluation unchanged
2024-07-30 11:31:05.523 INFO  c.z.w.config.WikiSpringboot2Application           :21   [32m                  [0;39m 启动成功
2024-07-30 11:31:05.523 INFO  c.z.w.config.WikiSpringboot2Application           :22   [32m                  [0;39m 地址: 	http://127.0.0.1:8880
